<?xml version="1.0" encoding="UTF-8"?>
<!-- Generated by org.testng.reporters.JUnitReportReporter -->
<testsuite skipped="0" hostname="INIDC-ShaikhR" name="javaPractice.Sample" tests="1" failures="0" timestamp="2019-10-02T08:52:34 IST" time="0.016" errors="0">
  <testcase name="TC_0002" time="0.016" classname="javaPractice.Sample"/>
</testsuite> <!-- javaPractice.Sample -->
