<?xml version="1.0" encoding="UTF-8"?>
<!-- Generated by org.testng.reporters.JUnitReportReporter -->
<testsuite skipped="0" hostname="INIDC-ShaikhR" name="javaPractice.TC002" tests="1" failures="0" timestamp="2020-01-23T11:50:01 IST" time="22.335" errors="0">
  <testcase name="TC_0002" time="22.335" classname="javaPractice.TC002"/>
</testsuite> <!-- javaPractice.TC002 -->
