<?xml version="1.0" encoding="UTF-8"?>
<!-- Generated by org.testng.reporters.JUnitReportReporter -->
<testsuite skipped="0" hostname="DIN16002055" name="testCases.testCase2" tests="1" failures="0" timestamp="31 Oct 2018 08:43:49 GMT" time="158.926" errors="0">
  <testcase name="testcase_two" time="158.926" classname="testCases.testCase2"/>
</testsuite> <!-- testCases.testCase2 -->
