<?xml version="1.0" encoding="UTF-8"?>
<!-- Generated by org.testng.reporters.JUnitReportReporter -->
<testsuite skipped="0" hostname="INIDC-ShaikhR" name="javaPractice.AnnotationsDemo" tests="2" failures="0" timestamp="2019-10-31T13:43:05 IST" time="0.016" errors="0">
  <testcase name="TC_0002" time="0.012" classname="javaPractice.AnnotationsDemo"/>
  <testcase name="TC_0002w" time="0.004" classname="javaPractice.AnnotationsDemo"/>
</testsuite> <!-- javaPractice.AnnotationsDemo -->
