<?xml version="1.0" encoding="UTF-8"?>
<!-- Generated by org.testng.reporters.JUnitReportReporter -->
<testsuite skipped="0" hostname="DIN16002055" name="testCases.screenshotWindowHandle" tests="1" failures="0" timestamp="02 Nov 2018 13:21:58 GMT" time="33.543" errors="0">
  <testcase name="testcase_three" time="33.543" classname="testCases.screenshotWindowHandle"/>
</testsuite> <!-- testCases.screenshotWindowHandle -->
