<?xml version="1.0" encoding="UTF-8"?>
<!-- Generated by org.testng.reporters.JUnitReportReporter -->
<testsuite skipped="0" hostname="INIDC-ShaikhR" name="javaPractice.TC005" tests="1" failures="0" timestamp="2019-11-12T15:26:40 IST" time="0.000" errors="0">
  <testcase name="TC_0004" time="0.000" classname="javaPractice.TC005"/>
</testsuite> <!-- javaPractice.TC005 -->
