<?xml version="1.0" encoding="UTF-8"?>
<!-- Generated by org.testng.reporters.JUnitReportReporter -->
<testsuite skipped="0" hostname="DIN16002055" name="testCases.ReadAndWriteToExcel" tests="3" failures="0" timestamp="06 Feb 2019 11:30:59 GMT" time="68.813" errors="0">
  <testcase name="Testcase1" time="25.137" classname="testCases.ReadAndWriteToExcel"/>
  <testcase name="Testcase1" time="20.971" classname="testCases.ReadAndWriteToExcel"/>
  <testcase name="Testcase1" time="22.705" classname="testCases.ReadAndWriteToExcel"/>
</testsuite> <!-- testCases.ReadAndWriteToExcel -->
