<?xml version="1.0" encoding="UTF-8"?>
<!-- Generated by org.testng.reporters.JUnitReportReporter -->
<testsuite skipped="0" hostname="INIDC-ShaikhR" name="extentReports.NewTest1" tests="1" failures="0" timestamp="2019-10-20T19:17:50 IST" time="11.079" errors="0">
  <testcase name="TC1" time="11.079" classname="extentReports.NewTest1"/>
</testsuite> <!-- extentReports.NewTest1 -->
