<?xml version="1.0" encoding="UTF-8"?>
<!-- Generated by org.testng.reporters.JUnitReportReporter -->
<testsuite skipped="0" hostname="INIDC-ShaikhR" name="testCases.ReadWriteSample" tests="3" failures="0" timestamp="2020-01-19T14:45:33 IST" time="0.415" errors="0">
  <testcase name="Testcase1" time="0.102" classname="testCases.ReadWriteSample"/>
  <testcase name="Testcase1" time="0.210" classname="testCases.ReadWriteSample"/>
  <testcase name="Testcase1" time="0.103" classname="testCases.ReadWriteSample"/>
</testsuite> <!-- testCases.ReadWriteSample -->
