<?xml version="1.0" encoding="UTF-8"?>
<!-- Generated by org.testng.reporters.JUnitReportReporter -->
<testsuite skipped="0" hostname="INIDC-ShaikhR" name="apiTesting.RestAssuredPOST" tests="1" failures="0" timestamp="2020-01-14T17:54:26 IST" time="3.891" errors="0">
  <testcase name="POST_Service" time="3.891" classname="apiTesting.RestAssuredPOST"/>
</testsuite> <!-- apiTesting.RestAssuredPOST -->
