<?xml version="1.0" encoding="UTF-8"?>
<!-- Generated by org.testng.reporters.JUnitReportReporter -->
<testsuite skipped="0" hostname="DIN16002055" name="testCases.ActionClassTest" tests="1" failures="0" timestamp="06 Feb 2019 15:00:49 GMT" time="19.860" errors="0">
  <testcase name="testcase_actionclass" time="19.860" classname="testCases.ActionClassTest"/>
</testsuite> <!-- testCases.ActionClassTest -->
