<?xml version="1.0" encoding="UTF-8"?>
<!-- Generated by org.testng.reporters.JUnitReportReporter -->
<testsuite skipped="1" hostname="INIDC-ShaikhR" name="extentReports.NewTest1" tests="3" failures="0" timestamp="2019-09-30T18:12:35 IST" time="0.019" errors="0">
  <testcase name="TC1" time="0.005" classname="extentReports.NewTest1"/>
  <testcase name="TC2" time="0.006" classname="extentReports.NewTest1"/>
  <testcase name="TC3" time="0.008" classname="extentReports.NewTest1">
    <skipped/>
  </testcase> <!-- TC3 -->
</testsuite> <!-- extentReports.NewTest1 -->
