<?xml version="1.0" encoding="UTF-8"?>
<!-- Generated by org.testng.reporters.JUnitReportReporter -->
<testsuite skipped="0" hostname="DIN16002055" name="testCases.TestCase4" tests="2" failures="0" timestamp="03 Jan 2019 15:10:23 GMT" time="39.218" errors="0">
  <testcase name="Testcase1" time="22.569" classname="testCases.TestCase4"/>
  <testcase name="Testcase1" time="16.649" classname="testCases.TestCase4"/>
</testsuite> <!-- testCases.TestCase4 -->
