<?xml version="1.0" encoding="UTF-8"?>
<!-- Generated by org.testng.reporters.JUnitReportReporter -->
<testsuite skipped="0" hostname="INIDC-ShaikhR" name="javaPractice.TC004" tests="1" failures="0" timestamp="2020-01-23T18:03:12 IST" time="0.017" errors="0">
  <testcase name="TC_0004" time="0.017" classname="javaPractice.TC004"/>
</testsuite> <!-- javaPractice.TC004 -->
