<?xml version="1.0" encoding="UTF-8"?>
<!-- Generated by org.testng.reporters.JUnitReportReporter -->
<testsuite skipped="0" hostname="INIDC-ShaikhR" name="javaPractice.Sample" tests="2" failures="0" timestamp="2019-10-22T12:11:13 IST" time="0.013" errors="0">
  <testcase name="TC_0002" time="0.010" classname="javaPractice.Sample"/>
  <testcase name="TC_0002w" time="0.003" classname="javaPractice.Sample"/>
</testsuite> <!-- javaPractice.Sample -->
