<?xml version="1.0" encoding="UTF-8"?>
<!-- Generated by org.testng.reporters.JUnitReportReporter -->
<testsuite skipped="0" hostname="INIDC-ShaikhR" name="apiTesting.JsonPathDataSearch_POST" tests="1" failures="0" timestamp="2020-03-03T17:45:47 IST" time="15.301" errors="0">
  <testcase name="POST_Service" time="15.301" classname="apiTesting.JsonPathDataSearch_POST"/>
</testsuite> <!-- apiTesting.JsonPathDataSearch_POST -->
