<?xml version="1.0" encoding="UTF-8"?>
<!-- Generated by org.testng.reporters.JUnitReportReporter -->
<testsuite skipped="0" hostname="DESKTOP-MPC3BJP" name="testCases.screenshotWindowHandle" tests="1" failures="0" timestamp="26 Jan 2019 08:48:04 GMT" time="17.147" errors="0">
  <testcase name="testcase_three" time="17.147" classname="testCases.screenshotWindowHandle"/>
</testsuite> <!-- testCases.screenshotWindowHandle -->
