<?xml version="1.0" encoding="UTF-8"?>
<!-- Generated by org.testng.reporters.JUnitReportReporter -->
<testsuite skipped="0" hostname="INIDC-ShaikhR" name="apiTesting.RestAssuredGET" tests="1" failures="0" timestamp="2020-01-14T17:50:04 IST" time="4.281" errors="0">
  <testcase name="GET_Service" time="4.281" classname="apiTesting.RestAssuredGET"/>
</testsuite> <!-- apiTesting.RestAssuredGET -->
