<?xml version="1.0" encoding="UTF-8"?>
<!-- Generated by org.testng.reporters.JUnitReportReporter -->
<testsuite skipped="0" hostname="INIDC-ShaikhR" name="testCases.ScreenshotAndCMDkill" tests="1" failures="0" timestamp="2019-10-01T16:03:56 IST" time="25.712" errors="0">
  <testcase name="testcase_three" time="25.712" classname="testCases.ScreenshotAndCMDkill"/>
</testsuite> <!-- testCases.ScreenshotAndCMDkill -->
