<?xml version="1.0" encoding="UTF-8"?>
<!-- Generated by org.testng.reporters.JUnitReportReporter -->
<testsuite skipped="0" hostname="DIN16002055" name="extentReports.NewTest1" tests="3" failures="0" timestamp="06 Feb 2019 13:42:18 GMT" time="0.010" errors="0">
  <testcase name="TC1" time="0.005" classname="extentReports.NewTest1"/>
  <testcase name="TC2" time="0.003" classname="extentReports.NewTest1"/>
  <testcase name="TC3" time="0.002" classname="extentReports.NewTest1"/>
</testsuite> <!-- extentReports.NewTest1 -->
