<?xml version="1.0" encoding="UTF-8"?>
<!-- Generated by org.testng.reporters.JUnitReportReporter -->
<testsuite skipped="0" hostname="DIN16002055" name="testCases.ScreenshotDemo" tests="1" failures="0" timestamp="06 Feb 2019 10:22:03 GMT" time="61.629" errors="0">
  <testcase name="testcase_three" time="61.629" classname="testCases.ScreenshotDemo"/>
</testsuite> <!-- testCases.ScreenshotDemo -->
