<?xml version="1.0" encoding="UTF-8"?>
<!-- Generated by org.testng.reporters.JUnitReportReporter -->
<testsuite skipped="0" hostname="INIDC-ShaikhR" name="testCases.ScreenshotAndCMDkill" tests="1" failures="0" timestamp="2019-10-20T15:40:28 IST" time="17.831" errors="0">
  <testcase name="testcase_three" time="17.831" classname="testCases.ScreenshotAndCMDkill"/>
</testsuite> <!-- testCases.ScreenshotAndCMDkill -->
