<?xml version="1.0" encoding="UTF-8"?>
<!-- Generated by org.testng.reporters.JUnitReportReporter -->
<testsuite skipped="0" hostname="DIN16002055" name="Pages.testCase2" tests="1" failures="0" timestamp="26 Oct 2018 10:43:24 GMT" time="21.435" errors="0">
  <testcase name="testcase_two" time="21.435" classname="Pages.testCase2"/>
</testsuite> <!-- Pages.testCase2 -->
