<?xml version="1.0" encoding="UTF-8"?>
<!-- Generated by org.testng.reporters.JUnitReportReporter -->
<testsuite skipped="0" hostname="INIDC-ShaikhR" name="testCases.ReadAndWriteToExcel" tests="3" failures="0" timestamp="2020-01-19T14:48:58 IST" time="48.436" errors="0">
  <testcase name="Testcase1" time="19.606" classname="testCases.ReadAndWriteToExcel"/>
  <testcase name="Testcase1" time="15.364" classname="testCases.ReadAndWriteToExcel"/>
  <testcase name="Testcase1" time="13.466" classname="testCases.ReadAndWriteToExcel"/>
</testsuite> <!-- testCases.ReadAndWriteToExcel -->
