<?xml version="1.0" encoding="UTF-8"?>
<!-- Generated by org.testng.reporters.JUnitReportReporter -->
<testsuite skipped="0" hostname="INIDC-ShaikhR" name="testCases.SingletonTestCase" tests="1" failures="0" timestamp="2019-09-27T19:03:48 IST" time="1.609" errors="0">
  <testcase name="SampleCase" time="1.609" classname="testCases.SingletonTestCase"/>
</testsuite> <!-- testCases.SingletonTestCase -->
