<?xml version="1.0" encoding="UTF-8"?>
<!-- Generated by org.testng.reporters.JUnitReportReporter -->
<testsuite skipped="0" hostname="DIN16002055" name="testCases.ActionClassTest" tests="1" failures="0" timestamp="13 Nov 2018 13:22:50 GMT" time="27.027" errors="0">
  <testcase name="testcase_actionclass" time="27.027" classname="testCases.ActionClassTest"/>
</testsuite> <!-- testCases.ActionClassTest -->
