<?xml version="1.0" encoding="UTF-8"?>
<!-- Generated by org.testng.reporters.JUnitReportReporter -->
<testsuite skipped="0" hostname="DIN16002055" name="Pages.testCase1" tests="1" failures="0" timestamp="25 Oct 2018 10:10:22 GMT" time="35.495" errors="0">
  <testcase name="testcase_one" time="35.495" classname="Pages.testCase1"/>
</testsuite> <!-- Pages.testCase1 -->
