<?xml version="1.0" encoding="UTF-8"?>
<!-- Generated by org.testng.reporters.JUnitReportReporter -->
<testsuite skipped="0" hostname="INIDC-ShaikhR" name="javaPractice.TC002" tests="1" failures="0" timestamp="2019-10-02T08:44:48 IST" time="11.806" errors="0">
  <testcase name="TC_0002" time="11.806" classname="javaPractice.TC002"/>
</testsuite> <!-- javaPractice.TC002 -->
