<?xml version="1.0" encoding="UTF-8"?>
<!-- Generated by org.testng.reporters.JUnitReportReporter -->
<testsuite skipped="0" hostname="DIN16002055" name="testCases.ReadWriteSample" tests="2" failures="0" timestamp="23 Jan 2019 10:23:38 GMT" time="0.326" errors="0">
  <testcase name="Testcase1" time="0.118" classname="testCases.ReadWriteSample"/>
  <testcase name="Testcase1" time="0.208" classname="testCases.ReadWriteSample"/>
</testsuite> <!-- testCases.ReadWriteSample -->
