<?xml version="1.0" encoding="UTF-8"?>
<!-- Generated by org.testng.reporters.JUnitReportReporter -->
<testsuite skipped="0" hostname="DESKTOP-MPC3BJP" name="testCases.ReadAndWriteToExcel" tests="3" failures="0" timestamp="26 Jan 2019 10:08:41 GMT" time="45.866" errors="0">
  <testcase name="Testcase1" time="18.004" classname="testCases.ReadAndWriteToExcel"/>
  <testcase name="Testcase1" time="13.483" classname="testCases.ReadAndWriteToExcel"/>
  <testcase name="Testcase1" time="14.379" classname="testCases.ReadAndWriteToExcel"/>
</testsuite> <!-- testCases.ReadAndWriteToExcel -->
